engine.c(1009): Warning! W303: Parameter 'fakevar' has been defined, but not referenced
engine.c(1652): Warning! W303: Parameter 'dax1' has been defined, but not referenced
engine.c(1652): Warning! W303: Parameter 'dax2' has been defined, but not referenced
engine.c(2976): Warning! E1181: Parameter 2, sign specifier mismatch
engine.c(2976): Note! I2003: source conversion type is 'signed char *'
engine.c(2976): Note! I2004: target conversion type is 'char *'
engine.c(2976): Note! I2002: 'kread8' defined in: cache1d.h(29)
engine.c(2982): Warning! E1181: Parameter 2, sign specifier mismatch
engine.c(2982): Note! I2003: source conversion type is 'signed char *'
engine.c(2982): Note! I2004: target conversion type is 'char *'
engine.c(2982): Note! I2002: 'kread8' defined in: cache1d.h(29)
engine.c(3004): Warning! E1181: Parameter 2, sign specifier mismatch
engine.c(3004): Note! I2003: source conversion type is 'signed char *'
engine.c(3004): Note! I2004: target conversion type is 'char *'
engine.c(3004): Note! I2002: 'kread8' defined in: cache1d.h(29)
engine.c(3023): Warning! E1181: Parameter 2, sign specifier mismatch
engine.c(3023): Note! I2003: source conversion type is 'signed char *'
engine.c(3023): Note! I2004: target conversion type is 'char *'
engine.c(3023): Note! I2002: 'kread8' defined in: cache1d.h(29)
engine.c(3029): Warning! E1181: Parameter 2, sign specifier mismatch
engine.c(3029): Note! I2003: source conversion type is 'signed char *'
engine.c(3029): Note! I2004: target conversion type is 'char *'
engine.c(3029): Note! I2002: 'kread8' defined in: cache1d.h(29)
engine.c(3030): Warning! E1181: Parameter 2, sign specifier mismatch
engine.c(3030): Note! I2003: source conversion type is 'signed char *'
engine.c(3030): Note! I2004: target conversion type is 'char *'
engine.c(3030): Note! I2002: 'kread8' defined in: cache1d.h(29)
engine.c(3290): Warning! W131: No prototype found for function 'loadpalettes'
engine.c(3291): Warning! W131: No prototype found for function 'loadlookup'
engine.c(3292): Warning! W131: No prototype found for function 'loadtrans'
engine.c(4732): Warning! W136: Comparison equivalent to 'unsigned == 0'
engine.c(4732): Warning! W136: Comparison equivalent to 'unsigned == 0'
engine.c(7116): Warning! W303: Parameter 'ange' has been defined, but not referenced
engine.c(8605): Warning! W303: Parameter 'dasector' has been defined, but not referenced
engine.c(8604): Warning! W303: Parameter 'dahoriz' has been defined, but not referenced
engine.c(8603): Warning! W303: Parameter 'daz' has been defined, but not referenced
