multi.c(176): Warning! W131: No prototype found for function 'fixregistersaftersimulate'
multi.c(355): Warning! W131: No prototype found for function 'koutp'
multi.c(362): Warning! W131: No prototype found for function 'kinp'
multi.c(632): Warning! W136: Comparison equivalent to 'unsigned == 0'
multi.c(739): Warning! W136: Comparison equivalent to 'unsigned == 0'
multi.c(1093): Warning! W136: Comparison equivalent to 'unsigned == 0'
multi.c(1124): Warning! W136: Comparison equivalent to 'unsigned == 0'
multi.c(355): Warning! W308: The function 'koutp' without prototyped parameters called
multi.c(355): Note! I2002: 'koutp' defined in: multi.c(355)
multi.c(357): Warning! W308: The function 'koutp' without prototyped parameters called
multi.c(357): Note! I2002: 'koutp' defined in: multi.c(355)
multi.c(358): Warning! W308: The function 'koutp' without prototyped parameters called
multi.c(358): Note! I2002: 'koutp' defined in: multi.c(355)
multi.c(359): Warning! W308: The function 'koutp' without prototyped parameters called
multi.c(359): Note! I2002: 'koutp' defined in: multi.c(355)
multi.c(361): Warning! W308: The function 'koutp' without prototyped parameters called
multi.c(361): Note! I2002: 'koutp' defined in: multi.c(355)
multi.c(362): Warning! W308: The function 'kinp' without prototyped parameters called
multi.c(362): Note! I2002: 'kinp' defined in: multi.c(362)
multi.c(369): Warning! W308: The function 'koutp' without prototyped parameters called
multi.c(369): Note! I2002: 'koutp' defined in: multi.c(355)
multi.c(372): Warning! W308: The function 'kinp' without prototyped parameters called
multi.c(372): Note! I2002: 'kinp' defined in: multi.c(362)
multi.c(373): Warning! W308: The function 'kinp' without prototyped parameters called
multi.c(373): Note! I2002: 'kinp' defined in: multi.c(362)
multi.c(375): Warning! W308: The function 'koutp' without prototyped parameters called
multi.c(375): Note! I2002: 'koutp' defined in: multi.c(355)
multi.c(376): Warning! W308: The function 'koutp' without prototyped parameters called
multi.c(376): Note! I2002: 'koutp' defined in: multi.c(355)
multi.c(377): Warning! W308: The function 'kinp' without prototyped parameters called
multi.c(377): Note! I2002: 'kinp' defined in: multi.c(362)
multi.c(377): Warning! W308: The function 'koutp' without prototyped parameters called
multi.c(377): Note! I2002: 'koutp' defined in: multi.c(355)
multi.c(378): Warning! W308: The function 'kinp' without prototyped parameters called
multi.c(378): Note! I2002: 'kinp' defined in: multi.c(362)
multi.c(379): Warning! W308: The function 'kinp' without prototyped parameters called
multi.c(379): Note! I2002: 'kinp' defined in: multi.c(362)
multi.c(380): Warning! W308: The function 'kinp' without prototyped parameters called
multi.c(380): Note! I2002: 'kinp' defined in: multi.c(362)
multi.c(381): Warning! W308: The function 'kinp' without prototyped parameters called
multi.c(381): Note! I2002: 'kinp' defined in: multi.c(362)
multi.c(382): Warning! W308: The function 'koutp' without prototyped parameters called
multi.c(382): Note! I2002: 'koutp' defined in: multi.c(355)
multi.c(383): Warning! W308: The function 'koutp' without prototyped parameters called
multi.c(383): Note! I2002: 'koutp' defined in: multi.c(355)
multi.c(416): Warning! W308: The function 'kinp' without prototyped parameters called
multi.c(416): Note! I2002: 'kinp' defined in: multi.c(362)
multi.c(416): Warning! W308: The function 'koutp' without prototyped parameters called
multi.c(416): Note! I2002: 'koutp' defined in: multi.c(355)
multi.c(419): Warning! W308: The function 'koutp' without prototyped parameters called
multi.c(419): Note! I2002: 'koutp' defined in: multi.c(355)
multi.c(420): Warning! W308: The function 'koutp' without prototyped parameters called
multi.c(420): Note! I2002: 'koutp' defined in: multi.c(355)
multi.c(487): Warning! W308: The function 'kinp' without prototyped parameters called
multi.c(487): Note! I2002: 'kinp' defined in: multi.c(362)
multi.c(491): Warning! W308: The function 'koutp' without prototyped parameters called
multi.c(491): Note! I2002: 'koutp' defined in: multi.c(355)
multi.c(492): Warning! W308: The function 'koutp' without prototyped parameters called
multi.c(492): Note! I2002: 'koutp' defined in: multi.c(355)
multi.c(497): Warning! W308: The function 'koutp' without prototyped parameters called
multi.c(497): Note! I2002: 'koutp' defined in: multi.c(355)
multi.c(498): Warning! W308: The function 'koutp' without prototyped parameters called
multi.c(498): Note! I2002: 'koutp' defined in: multi.c(355)
multi.c(503): Warning! W308: The function 'koutp' without prototyped parameters called
multi.c(503): Note! I2002: 'koutp' defined in: multi.c(355)
multi.c(512): Warning! W308: The function 'kinp' without prototyped parameters called
multi.c(512): Note! I2002: 'kinp' defined in: multi.c(362)
multi.c(519): Warning! W308: The function 'koutp' without prototyped parameters called
multi.c(519): Note! I2002: 'koutp' defined in: multi.c(355)
multi.c(520): Warning! W308: The function 'koutp' without prototyped parameters called
multi.c(520): Note! I2002: 'koutp' defined in: multi.c(355)
multi.c(526): Warning! W308: The function 'koutp' without prototyped parameters called
multi.c(526): Note! I2002: 'koutp' defined in: multi.c(355)
multi.c(527): Warning! W308: The function 'koutp' without prototyped parameters called
multi.c(527): Note! I2002: 'koutp' defined in: multi.c(355)
multi.c(533): Warning! W308: The function 'koutp' without prototyped parameters called
multi.c(533): Note! I2002: 'koutp' defined in: multi.c(355)
multi.c(548): Warning! W308: The function 'kinp' without prototyped parameters called
multi.c(548): Note! I2002: 'kinp' defined in: multi.c(362)
multi.c(558): Warning! W308: The function 'kinp' without prototyped parameters called
multi.c(558): Note! I2002: 'kinp' defined in: multi.c(362)
multi.c(562): Warning! W308: The function 'koutp' without prototyped parameters called
multi.c(562): Note! I2002: 'koutp' defined in: multi.c(355)
multi.c(1099): Warning! W308: The function 'kinp' without prototyped parameters called
multi.c(1099): Note! I2002: 'kinp' defined in: multi.c(362)
multi.c(1100): Warning! W308: The function 'kinp' without prototyped parameters called
multi.c(1100): Note! I2002: 'kinp' defined in: multi.c(362)
multi.c(1101): Warning! W308: The function 'kinp' without prototyped parameters called
multi.c(1101): Note! I2002: 'kinp' defined in: multi.c(362)
